Flutter crash report.
Please report a bug at https://github.com/flutter/flutter/issues.

## command

flutter debug_adapter

## exception

_Exception: Exception: lookupResolvedPackageUris result contained more results than the request. See https://github.com/dart-lang/sdk/issues/52632

```
```

## flutter doctor

```
[✓] Flutter (Channel stable, 3.22.1, on macOS 12.6.3 21G419 darwin-x64, locale en-GB)
    • Flutter version 3.22.1 on channel stable at /Users/dreamworld/Documents/flutter
    • Upstream repository https://github.com/flutter/flutter.git
    • Framework revision a14f74ff3a (5 weeks ago), 2024-05-22 11:08:21 -0500
    • Engine revision 55eae6864b
    • Dart version 3.4.1
    • DevTools version 2.34.3

[✓] Android toolchain - develop for Android devices (Android SDK version 34.0.0)
    • Android SDK at /Users/dreamworld/Library/Android/sdk
    • Platform android-34, build-tools 34.0.0
    • Java binary at: /Applications/Android Studio.app/Contents/jbr/Contents/Home/bin/java
    • Java version OpenJDK Runtime Environment (build 17.0.6+0-17.0.6b829.9-10027231)
    • All Android licenses accepted.

[!] Xcode - develop for iOS and macOS (Xcode 14.2)
    • Xcode at /Applications/Xcode.app/Contents/Developer
    • Build 14C18
    ! Flutter recommends a minimum Xcode version of 15.
      Download the latest version or update via the Mac App Store.
    • CocoaPods version 1.14.2

[✓] Chrome - develop for the web
    • Chrome at /Applications/Google Chrome.app/Contents/MacOS/Google Chrome

[✓] Android Studio (version 2022.3)
    • Android Studio at /Applications/Android Studio.app/Contents
    • Flutter plugin can be installed from:
      🔨 https://plugins.jetbrains.com/plugin/9212-flutter
    • Dart plugin can be installed from:
      🔨 https://plugins.jetbrains.com/plugin/6351-dart
    • Java version OpenJDK Runtime Environment (build 17.0.6+0-17.0.6b829.9-10027231)

[✓] VS Code (version 1.90.2)
    • VS Code at /Applications/Visual Studio Code.app/Contents
    • Flutter extension version 3.90.0

[✓] Connected device (3 available)
    • sdk gphone64 x86 64 (mobile) • emulator-5554 • android-x64    • Android 13 (API 33) (emulator)
    • macOS (desktop)              • macos         • darwin-x64     • macOS 12.6.3 21G419 darwin-x64
    • Chrome (web)                 • chrome        • web-javascript • Google Chrome 126.0.6478.116

[✓] Network resources
    • All expected network resources are available.

! Doctor found issues in 1 category.
```
